0 info it worked if it ends with ok
1 verbose cli [ 'node', '/usr/local/bin/npm', 'install', 'HTML5-History-API' ]
2 info using npm@1.1.65
3 info using node@v0.8.14
4 verbose read json /Users/Catalyst/code/meteor/stack_overflow/package.json
5 verbose read json /Users/Catalyst/code/meteor/stack_overflow/package.json
6 verbose cache add [ 'HTML5-History-API', null ]
7 silly cache add name=undefined spec="HTML5-History-API" args=["HTML5-History-API",null]
8 verbose parsed url { pathname: 'HTML5-History-API',
8 verbose parsed url   path: 'HTML5-History-API',
8 verbose parsed url   href: 'HTML5-History-API' }
9 silly lockFile 39f0e1d7-HTML5-History-API HTML5-History-API
10 verbose lock HTML5-History-API /Users/Catalyst/.npm/39f0e1d7-HTML5-History-API.lock
11 silly lockFile 39f0e1d7-HTML5-History-API HTML5-History-API
12 verbose addNamed [ 'HTML5-History-API', '' ]
13 verbose addNamed [ null, '' ]
14 silly lockFile a7c5cca2-HTML5-History-API HTML5-History-API@
15 verbose lock HTML5-History-API@ /Users/Catalyst/.npm/a7c5cca2-HTML5-History-API.lock
16 silly addNameRange { name: 'HTML5-History-API', range: '', hasData: false }
17 verbose url raw HTML5-History-API
18 verbose url resolving [ 'https://registry.npmjs.org/', './HTML5-History-API' ]
19 verbose url resolved https://registry.npmjs.org/HTML5-History-API
20 info trying registry request attempt 1 at 19:45:44
21 http GET https://registry.npmjs.org/HTML5-History-API
22 http 404 https://registry.npmjs.org/HTML5-History-API
23 silly registry.get cb [ 404,
23 silly registry.get   { server: 'CouchDB/1.2.1 (Erlang OTP/R15B03)',
23 silly registry.get     date: 'Wed, 27 Feb 2013 03:45:47 GMT',
23 silly registry.get     'content-type': 'application/json',
23 silly registry.get     'content-length': '52',
23 silly registry.get     'cache-control': 'must-revalidate' } ]
24 silly lockFile a7c5cca2-HTML5-History-API HTML5-History-API@
25 error 404 'HTML5-History-API' is not in the npm registry.
25 error 404 You should bug the author to publish it
25 error 404
25 error 404 Note that you can also install from a
25 error 404 tarball, folder, or http url, or git url.
26 error System Darwin 12.1.1
27 error command "node" "/usr/local/bin/npm" "install" "HTML5-History-API"
28 error cwd /Users/Catalyst/code/meteor/stack_overflow
29 error node -v v0.8.14
30 error npm -v 1.1.65
31 error code E404
32 verbose exit [ 1, true ]
